<?xml version="1.0" encoding="UTF-8" standalone="no"?>
<!DOCTYPE log SYSTEM "logger.dtd">
<log>
<record>
  <date>2018-07-26T12:52:07</date>
  <millis>1532589727619</millis>
  <sequence>0</sequence>
  <level>START</level>
  <class>com.kms.katalon.core.logging.KeywordLogger</class>
  <method>startSuite</method>
  <thread>1</thread>
  <message>Start Test Suite : Test Suites/Day31</message>
  <nestedLevel>0</nestedLevel>
  <property name="name">Day31</property>
  <property name="description"></property>
  <property name="id">Test Suites/Day31</property>
</record>
<record>
  <date>2018-07-26T12:52:07</date>
  <millis>1532589727656</millis>
  <sequence>1</sequence>
  <level>RUN_DATA</level>
  <class>com.kms.katalon.core.logging.KeywordLogger</class>
  <method>logMessage</method>
  <thread>1</thread>
  <message>Logging run data &amp;apos;hostName&amp;apos; with value &amp;apos;slk - WSLK1FFTRFW-03&amp;apos;</message>
  <nestedLevel>0</nestedLevel>
  <property name="hostName">slk - WSLK1FFTRFW-03</property>
</record>
<record>
  <date>2018-07-26T12:52:07</date>
  <millis>1532589727657</millis>
  <sequence>2</sequence>
  <level>RUN_DATA</level>
  <class>com.kms.katalon.core.logging.KeywordLogger</class>
  <method>logMessage</method>
  <thread>1</thread>
  <message>Logging run data &amp;apos;os&amp;apos; with value &amp;apos;Windows 7 64bit&amp;apos;</message>
  <nestedLevel>0</nestedLevel>
  <property name="os">Windows 7 64bit</property>
</record>
<record>
  <date>2018-07-26T12:52:07</date>
  <millis>1532589727658</millis>
  <sequence>3</sequence>
  <level>RUN_DATA</level>
  <class>com.kms.katalon.core.logging.KeywordLogger</class>
  <method>logMessage</method>
  <thread>1</thread>
  <message>Logging run data &amp;apos;hostAddress&amp;apos; with value &amp;apos;10.10.10.12&amp;apos;</message>
  <nestedLevel>0</nestedLevel>
  <property name="hostAddress">10.10.10.12</property>
</record>
<record>
  <date>2018-07-26T12:52:07</date>
  <millis>1532589727660</millis>
  <sequence>4</sequence>
  <level>RUN_DATA</level>
  <class>com.kms.katalon.core.logging.KeywordLogger</class>
  <method>logMessage</method>
  <thread>1</thread>
  <message>Logging run data &amp;apos;katalonVersion&amp;apos; with value &amp;apos;5.5.0.1&amp;apos;</message>
  <nestedLevel>0</nestedLevel>
  <property name="katalonVersion">5.5.0.1</property>
</record>
<record>
  <date>2018-07-26T12:52:07</date>
  <millis>1532589727850</millis>
  <sequence>5</sequence>
  <level>END</level>
  <class>com.kms.katalon.core.logging.KeywordLogger</class>
  <method>endSuite</method>
  <thread>1</thread>
  <message>End Test Suite : Test Suites/Day31</message>
  <nestedLevel>0</nestedLevel>
</record>
</log>
